  main_menu.cpp
D:\папка\курсовая\код\menu\vername.h(99,3): warning C4018: <: несоответствие типов со знаком и без знака
D:\папка\курсовая\код\menu\vername.h(99,3): warning C4552: "<<": результат выражения не используется
D:\папка\курсовая\код\menu\vername.h(101,21): warning C4018: <: несоответствие типов со знаком и без знака
D:\папка\курсовая\код\menu\vername.h(106,21): warning C4018: <: несоответствие типов со знаком и без знака
D:\папка\курсовая\код\menu\vername.h(122,3): warning C4018: <: несоответствие типов со знаком и без знака
D:\папка\курсовая\код\menu\vername.h(122,3): warning C4552: "<<": результат выражения не используется
D:\папка\курсовая\код\menu\vername.h(124,21): warning C4018: <: несоответствие типов со знаком и без знака
D:\папка\курсовая\код\menu\vername.h(129,21): warning C4018: <: несоответствие типов со знаком и без знака
D:\папка\курсовая\код\menu\vername.h(148,20): warning C4018: <: несоответствие типов со знаком и без знака
D:\папка\курсовая\код\menu\vername.h(157,20): warning C4018: <: несоответствие типов со знаком и без знака
D:\папка\курсовая\код\menu\vername.h(163,20): warning C4018: <: несоответствие типов со знаком и без знака
D:\папка\курсовая\код\menu\vername.h(168,20): warning C4018: <: несоответствие типов со знаком и без знака
D:\папка\курсовая\код\menu\vername.h(173,20): warning C4018: <: несоответствие типов со знаком и без знака
D:\папка\курсовая\код\menu\vername.h(178,20): warning C4018: <: несоответствие типов со знаком и без знака
D:\папка\курсовая\код\menu\vername.h(192,3): warning C4018: <: несоответствие типов со знаком и без знака
D:\папка\курсовая\код\menu\vername.h(194,3): warning C4018: <: несоответствие типов со знаком и без знака
D:\папка\курсовая\код\menu\vername.h(198,3): warning C4018: <: несоответствие типов со знаком и без знака
D:\папка\курсовая\код\menu\vigenere.h(128,21): warning C4018: <: несоответствие типов со знаком и без знака
D:\папка\курсовая\код\menu\vigenere.h(141,21): warning C4018: <: несоответствие типов со знаком и без знака
D:\папка\курсовая\код\menu\vigenere.h(170,21): warning C4018: <: несоответствие типов со знаком и без знака
D:\папка\курсовая\код\menu\vigenere.h(190,21): warning C4018: <: несоответствие типов со знаком и без знака
D:\папка\курсовая\код\menu\grosnf.h(130,21): warning C4018: <: несоответствие типов со знаком и без знака
D:\папка\курсовая\код\menu\grosnf.h(143,21): warning C4018: <: несоответствие типов со знаком и без знака
D:\папка\курсовая\код\menu\grosnf.h(172,21): warning C4018: <: несоответствие типов со знаком и без знака
D:\папка\курсовая\код\menu\grosnf.h(192,21): warning C4018: <: несоответствие типов со знаком и без знака
  menu.vcxproj -> D:\папка\курсовая\код\Debug\menu.exe
